activecomp {
  name: "Slider_Max-Track"
  width: 1426
  height: 48
  defaultcameradistance: 1980.5555
  layer {
    name: "Max-Track-Solid"
    id: 366
    sourceid: 390
    transform {
      anchorPoint {
        x: 713
        y: 4
        z: 0
      }
      scale {
        x: 1
        y: 1
        z: 1
      }
      position {
        x: 713
        y: 24
        z: 0
      }
      orientation {
        x: 0
        y: 0
        z: 0
      }
      rotationX: 0
      rotationY: 0
      rotationZ: 0
      opacity: 1
    }
    acceptsshadows: true
    acceptslights: true
    castsshadows: false
  }
  layer {
    name: "Max-Track-Image"
    id: 367
    sourceid: 392
    transform {
      anchorPoint {
        x: 713
        y: 24
        z: 0
      }
      scale {
        x: 1
        y: 1
        z: 1
      }
      position {
        x: 713
        y: 24
        z: 0
      }
      orientation {
        x: 0
        y: 0
        z: 0
      }
      rotationX: 0
      rotationY: 0
      rotationZ: 0
      opacity: 1
    }
    acceptsshadows: true
    acceptslights: true
    castsshadows: false
    properties {
      key: "scale-mode"
      value: "stretch"
    }
  }
  bgcolor {
    alpha: 1
    red: 0.94509803921568625
    green: 0.94509803921568625
    blue: 0.94509803921568625
  }
  childtemplates: "Slider_Max-Track-Image"
}
sources {
  uid: 390
  srctype: AE_SOLID_SRC
  color {
    alpha: 1
    red: 0.84705901145935059
    green: 0.84705901145935059
    blue: 0.84705901145935059
  }
  width: 1426
  height: 8
  copy_source: false
}
sources {
  uid: 392
  srctype: AE_COMP_SRC
  name: "Slider_Max-Track-Image.layout"
  width: 1426
  height: 48
  copy_source: true
}
