activecomp {
  name: "Slider_Thumb"
  width: 48
  height: 48
  defaultcameradistance: 66.666664
  layer {
    name: "Thumb-Solid"
    id: 108
    sourceid: 277
    transform {
      anchorPoint {
        x: 13
        y: 13
        z: 0
      }
      scale {
        x: 1
        y: 1
        z: 1
      }
      position {
        x: 24
        y: 24
        z: 0
      }
      orientation {
        x: 0
        y: 0
        z: 0
      }
      rotationX: 0
      rotationY: 0
      rotationZ: 0
      opacity: 1
    }
    acceptsshadows: true
    acceptslights: true
    castsshadows: false
  }
  layer {
    name: "Thumb-Image"
    id: 109
    sourceid: 144
    transform {
      anchorPoint {
        x: 24
        y: 24
        z: 0
      }
      scale {
        x: 1
        y: 1
        z: 1
      }
      position {
        x: 24
        y: 24
        z: 0
      }
      orientation {
        x: 0
        y: 0
        z: 0
      }
      rotationX: 0
      rotationY: 0
      rotationZ: 0
      opacity: 1
    }
    acceptsshadows: true
    acceptslights: true
    castsshadows: false
  }
  bgcolor {
    alpha: 1
    red: 0.94509803921568625
    green: 0.94509803921568625
    blue: 0.94509803921568625
  }
  childtemplates: "Slider_Thumb-Image"
}
sources {
  uid: 277
  srctype: AE_SOLID_SRC
  color {
    alpha: 1
    red: 0.24313725531101227
    green: 0.7607843279838562
    blue: 0.81176471710205078
  }
  width: 26
  height: 26
  copy_source: false
}
sources {
  uid: 144
  srctype: AE_COMP_SRC
  name: "Slider_Thumb-Image.layout"
  width: 48
  height: 48
  copy_source: true
}
