activecomp {
  name: "TextInput_Text-Edit-Btn-Clear"
  width: 68
  height: 68
  defaultcameradistance: 94.444443
  layer {
    name: "BG"
    id: 376
    sourceid: 417
    transform {
      anchorPoint {
        x: 34
        y: 34
        z: 0
      }
      scale {
        x: 1
        y: 1
        z: 1
      }
      position {
        x: 34
        y: 34
        z: 0
      }
      orientation {
        x: 0
        y: 0
        z: 0
      }
      rotationX: 0
      rotationY: 0
      rotationZ: 0
      opacity: 1
    }
    acceptsshadows: true
    acceptslights: true
    castsshadows: false
    properties {
      key: "background"
      value: "true"
    }
    properties {
      key: "layoutable"
      value: "false"
    }
  }
  layer {
    name: "BG-Press"
    id: 377
    sourceid: 398
    transform {
      anchorPoint {
        x: 34
        y: 34
        z: 0
      }
      scale {
        x: 1
        y: 1
        z: 1
      }
      position {
        x: 34
        y: 34
        z: 0
      }
      orientation {
        x: 0
        y: 0
        z: 0
      }
      rotationX: 0
      rotationY: 0
      rotationZ: 0
      opacity: 0
    }
    acceptsshadows: true
    acceptslights: true
    castsshadows: false
    properties {
      key: "min-width"
      value: "92"
    }
  }
  layer {
    name: "BG-Press 2"
    id: 378
    sourceid: 427
    transform {
      anchorPoint {
        x: 34
        y: 34
        z: 0
      }
      scale {
        x: 0
        y: 0
        z: 1
      }
      position {
        x: 34
        y: 34
        z: 0
      }
      orientation {
        x: 0
        y: 0
        z: 0
      }
      rotationX: 0
      rotationY: 0
      rotationZ: 0
      opacity: 0
    }
    acceptsshadows: true
    acceptslights: true
    castsshadows: false
    properties {
      key: "min-width"
      value: "92"
    }
  }
  layer {
    name: "Clear-Btn-TV.png"
    id: 379
    sourceid: 422
    transform {
      anchorPoint {
        x: 10.5
        y: 10.5
        z: 0
      }
      scale {
        x: 1
        y: 1
        z: 1
      }
      position {
        x: 0
        y: 0
        z: 0
      }
      orientation {
        x: 0
        y: 0
        z: 0
      }
      rotationX: 0
      rotationY: 0
      rotationZ: 0
      opacity: 1
    }
    acceptsshadows: true
    acceptslights: true
    castsshadows: false
    parentid: 381
    properties {
      key: "layoutable"
      value: "false"
    }
  }
  layer {
    name: "Clear-Btn-Press-TV.png"
    id: 380
    sourceid: 421
    transform {
      anchorPoint {
        x: 10.5
        y: 10.5
        z: 0
      }
      scale {
        x: 1
        y: 1
        z: 1
      }
      position {
        x: 0
        y: 0
        z: 0
      }
      orientation {
        x: 0
        y: 0
        z: 0
      }
      rotationX: 0
      rotationY: 0
      rotationZ: 0
      opacity: 0
    }
    acceptsshadows: true
    acceptslights: true
    castsshadows: false
    parentid: 381
    properties {
      key: "layoutable"
      value: "false"
    }
  }
  layer {
    name: "Scaler"
    id: 381
    sourceid: 262
    transform {
      anchorPoint {
        x: 0
        y: 0
        z: 0
      }
      scale {
        x: 1
        y: 1
        z: 1
      }
      position {
        x: 50
        y: 50
        z: 0
      }
      orientation {
        x: 0
        y: 0
        z: 0
      }
      rotationX: 0
      rotationY: 0
      rotationZ: 0
      opacity: 1
    }
    acceptsshadows: true
    acceptslights: true
    castsshadows: false
    parentid: 382
    properties {
      key: "layoutable"
      value: "false"
    }
  }
  layer {
    name: "NoScaleCenterAnchor"
    id: 382
    sourceid: 57
    transform {
      anchorPoint {
        x: 50
        y: 50
        z: 0
      }
      scale {
        x: 1
        y: 1
        z: 1
      }
      position {
        x: 34
        y: 34
        z: 0
      }
      orientation {
        x: 0
        y: 0
        z: 0
      }
      rotationX: 0
      rotationY: 0
      rotationZ: 0
      opacity: 1
    }
    acceptsshadows: true
    acceptslights: true
    castsshadows: false
    properties {
      key: "layoutable"
      value: "false"
    }
  }
  classname: "CYIPushButtonView"
  bgcolor {
    alpha: 1
    red: 1
    green: 1
    blue: 1
  }
  properties {
    key: "componentSubtype"
    value: "push"
  }
  properties {
    key: "componentType"
    value: "button"
  }
  properties {
    key: "gravity"
    value: "center"
  }
  properties {
    key: "layout"
    value: "CYIStackLayout"
  }
}
sources {
  uid: 417
  srctype: AE_SOLID_SRC
  color {
    alpha: 1
    red: 0.94509804248809814
    green: 0.94509804248809814
    blue: 0.94509804248809814
  }
  width: 68
  height: 68
  copy_source: false
}
sources {
  uid: 398
  srctype: AE_SOLID_SRC
  color {
    alpha: 1
    red: 0.31764706969261169
    green: 0.73333334922790527
    blue: 0.78431373834609985
  }
  width: 68
  height: 68
  copy_source: false
}
sources {
  uid: 427
  srctype: AE_SOLID_SRC
  color {
    alpha: 1
    red: 0
    green: 0
    blue: 0
  }
  width: 68
  height: 68
  copy_source: false
}
sources {
  uid: 422
  srctype: AE_IMAGE_SRC
  name: "Clear-Btn-TV.png"
  width: 21
  height: 21
  numberOfFrames: 1
  fps: 0
  loops: 1
  copy_source: true
}
sources {
  uid: 421
  srctype: AE_IMAGE_SRC
  name: "Clear-Btn-Press-TV.png"
  width: 21
  height: 21
  numberOfFrames: 1
  fps: 0
  loops: 1
  copy_source: true
}
sources {
  uid: 262
  srctype: AE_NULL_SRC
  width: 100
  height: 100
  copy_source: false
}
sources {
  uid: 57
  srctype: AE_NULL_SRC
  width: 100
  height: 100
  copy_source: false
}
