activecomp {
  name: "Slider_Min-Track"
  width: 1568
  height: 66
  defaultcameradistance: 2177.7778
  layer {
    name: "Min-Track-Solid"
    id: 1197
    sourceid: 1254
    transform {
      anchorPoint {
        x: 784
        y: 10
        z: 0
      }
      scale {
        x: 1
        y: 1
        z: 1
      }
      position {
        x: 784
        y: 33
        z: 0
      }
      orientation {
        x: 0
        y: 0
        z: 0
      }
      rotationX: 0
      rotationY: 0
      rotationZ: 0
      opacity: 1
    }
    acceptsshadows: true
    acceptslights: true
    castsshadows: false
  }
  layer {
    name: "Min-Track-Image"
    id: 1198
    sourceid: 535
    transform {
      anchorPoint {
        x: 784
        y: 33
        z: 0
      }
      scale {
        x: 1
        y: 1
        z: 1
      }
      position {
        x: 784
        y: 33
        z: 0
      }
      orientation {
        x: 0
        y: 0
        z: 0
      }
      rotationX: 0
      rotationY: 0
      rotationZ: 0
      opacity: 1
    }
    acceptsshadows: true
    acceptslights: true
    castsshadows: false
    properties {
      key: "scale-mode"
      value: "stretch"
    }
  }
  bgcolor {
    alpha: 1
    red: 0.94509803921568625
    green: 0.94509803921568625
    blue: 0.94509803921568625
  }
  childtemplates: "Slider_Min-Track-Image"
}
sources {
  uid: 1254
  srctype: AE_SOLID_SRC
  color {
    alpha: 1
    red: 0.24313725531101227
    green: 0.7607843279838562
    blue: 0.81176471710205078
  }
  width: 1568
  height: 20
  copy_source: false
}
sources {
  uid: 535
  srctype: AE_COMP_SRC
  name: "Slider_Min-Track-Image.layout"
  width: 1568
  height: 66
  copy_source: true
}
