activecomp {
  name: "Slider_Thumb-Image"
  width: 66
  height: 66
  defaultcameradistance: 91.666664
  layer {
    name: "ImageNode"
    id: 1131
    sourceid: 587
    transform {
      anchorPoint {
        x: 33
        y: 33
        z: 0
      }
      scale {
        x: 1
        y: 1
        z: 1
      }
      position {
        x: 33
        y: 33
        z: 0
      }
      orientation {
        x: 0
        y: 0
        z: 0
      }
      rotationX: 0
      rotationY: 0
      rotationZ: 0
      opacity: 1
    }
    acceptsshadows: true
    acceptslights: true
    castsshadows: false
  }
  classname: "CYIImageView"
  bgcolor {
    alpha: 1
    red: 0.94509803921568625
    green: 0.94509803921568625
    blue: 0.94509803921568625
  }
  properties {
    key: "componentType"
    value: "image"
  }
}
sources {
  uid: 587
  srctype: AE_IMAGE_SRC
  name: "tablet-thumb.png"
  width: 66
  height: 66
  numberOfFrames: 1
  fps: 0
  loops: 1
  copy_source: true
}
