tracks {
  binding: IS_VISIBLE
  targetid: 672
  targetname: "Max-Track"
  keytimes {
    datatype: AE_INT_DATA
    timeOffset: 0
    inttype: AE_INTERP_HOLD
    ivalue1: 1
  }
}
tracks {
  binding: SCALE
  targetid: 672
  targetname: "Max-Track"
  keytimes {
    datatype: AE_FLOAT_VECTOR_DATA
    timeOffset: 0
    inttype: AE_INTERP_LINEAR
    fvalue1: 1
    fvalue2: 1
    fvalue3: 1
  }
  keytimes {
    datatype: AE_FLOAT_VECTOR_DATA
    timeOffset: 1
    inttype: AE_INTERP_LINEAR
    fvalue1: 1
    fvalue2: 1
    fvalue3: 1
  }
  keytimes {
    datatype: AE_FLOAT_VECTOR_DATA
    timeOffset: 3.5
    inttype: AE_INTERP_LINEAR
    fvalue1: 0
    fvalue2: 1
    fvalue3: 1
  }
  trackName: "Scale"
}
tracks {
  binding: IS_VISIBLE
  targetid: 673
  targetname: "Min-Track"
  keytimes {
    datatype: AE_INT_DATA
    timeOffset: 0
    inttype: AE_INTERP_HOLD
    ivalue1: 1
  }
}
tracks {
  binding: SCALE
  targetid: 673
  targetname: "Min-Track"
  keytimes {
    datatype: AE_FLOAT_VECTOR_DATA
    timeOffset: 0
    inttype: AE_INTERP_LINEAR
    fvalue1: 0
    fvalue2: 1
    fvalue3: 1
  }
  keytimes {
    datatype: AE_FLOAT_VECTOR_DATA
    timeOffset: 1
    inttype: AE_INTERP_LINEAR
    fvalue1: 0
    fvalue2: 1
    fvalue3: 1
  }
  keytimes {
    datatype: AE_FLOAT_VECTOR_DATA
    timeOffset: 3.5
    inttype: AE_INTERP_LINEAR
    fvalue1: 1
    fvalue2: 1
    fvalue3: 1
  }
  trackName: "Scale"
}
tracks {
  binding: IS_VISIBLE
  targetid: 674
  targetname: "Thumb"
  keytimes {
    datatype: AE_INT_DATA
    timeOffset: 0
    inttype: AE_INTERP_HOLD
    ivalue1: 1
  }
}
tracks {
  binding: POSITION
  targetid: 674
  targetname: "Thumb"
  keytimes {
    datatype: AE_FLOAT_VECTOR_DATA
    timeOffset: 0
    inttype: AE_INTERP_LINEAR
    fvalue1: 35.042557
    fvalue2: 50
    fvalue3: 0
  }
  keytimes {
    datatype: AE_FLOAT_VECTOR_DATA
    timeOffset: 1
    inttype: AE_INTERP_LINEAR
    sInTangentX: 0
    sInTangentY: 0
    sInTangentZ: 0
    sOutTangentX: 0
    sOutTangentY: 0
    sOutTangentZ: 0
    fvalue1: 35.042557
    fvalue2: 50
    fvalue3: 0
  }
  keytimes {
    datatype: AE_FLOAT_VECTOR_DATA
    timeOffset: 3.5
    inttype: AE_INTERP_LINEAR
    sInTangentX: 0
    sInTangentY: 0
    sInTangentZ: 0
    sOutTangentX: 0
    sOutTangentY: 0
    sOutTangentZ: 0
    fvalue1: 1534.9574
    fvalue2: 50
    fvalue3: 0
  }
  trackName: "Position"
}
tracks {
  binding: SCALE
  targetid: 674
  targetname: "Thumb"
  keytimes {
    datatype: AE_FLOAT_VECTOR_DATA
    timeOffset: 0
    inttype: AE_INTERP_LINEAR
    fvalue1: 1
    fvalue2: 1
    fvalue3: 1
  }
  keytimes {
    datatype: AE_FLOAT_VECTOR_DATA
    timeOffset: 4
    inttype: AE_INTERP_LINEAR
    fvalue1: 1
    fvalue2: 1
    fvalue3: 1
  }
  keytimes {
    datatype: AE_FLOAT_VECTOR_DATA
    timeOffset: 4.1
    inttype: AE_INTERP_LINEAR
    fvalue1: 1.25
    fvalue2: 1.25
    fvalue3: 1
  }
  keytimes {
    datatype: AE_FLOAT_VECTOR_DATA
    timeOffset: 5
    inttype: AE_INTERP_LINEAR
    fvalue1: 1.25
    fvalue2: 1.25
    fvalue3: 1
  }
  keytimes {
    datatype: AE_FLOAT_VECTOR_DATA
    timeOffset: 5.1
    inttype: AE_INTERP_LINEAR
    fvalue1: 1
    fvalue2: 1
    fvalue3: 1
  }
  trackName: "Scale"
}
tracks {
  binding: IS_VISIBLE
  targetid: 675
  targetname: "ScaleWidthPropRightAnchor"
  keytimes {
    datatype: AE_INT_DATA
    timeOffset: 0
    inttype: AE_INTERP_HOLD
    ivalue1: 1
  }
}
tracks {
  binding: IS_VISIBLE
  targetid: 676
  targetname: "ScaleWidthPropLeftAnchor"
  keytimes {
    datatype: AE_INT_DATA
    timeOffset: 0
    inttype: AE_INTERP_HOLD
    ivalue1: 1
  }
}
markers {
  starttime: 1
  duration: 2.5
  name: "ScrollStart"
  tracksSelection {
    targetid: 672
    binding: SCALE
  }
  tracksSelection {
    targetid: 673
    binding: SCALE
  }
  tracksSelection {
    targetid: 674
    binding: POSITION
  }
  alltracks: false
  id: 28
  looping: false
}
markers {
  starttime: 4
  duration: 0.1
  name: "FocusIn"
  tracksSelection {
    targetid: 674
    binding: SCALE
  }
  alltracks: false
  id: 21
  looping: false
}
markers {
  starttime: 5
  duration: 0.1
  name: "FocusOut"
  tracksSelection {
    targetid: 674
    binding: SCALE
  }
  alltracks: false
  id: 22
  looping: false
}
