activecomp {
  name: "Slider_Thumb-Image"
  width: 70
  height: 70
  defaultcameradistance: 97.222221
  layer {
    name: "ImageNode"
    id: 766
    sourceid: 708
    transform {
      anchorPoint {
        x: 35
        y: 35
        z: 0
      }
      scale {
        x: 1
        y: 1
        z: 1
      }
      position {
        x: 35
        y: 35
        z: 0
      }
      orientation {
        x: 0
        y: 0
        z: 0
      }
      rotationX: 0
      rotationY: 0
      rotationZ: 0
      opacity: 1
    }
    acceptsshadows: true
    acceptslights: true
    castsshadows: false
  }
  classname: "CYIImageView"
  bgcolor {
    alpha: 1
    red: 0.94509803921568625
    green: 0.94509803921568625
    blue: 0.94509803921568625
  }
  properties {
    key: "componentType"
    value: "image"
  }
}
sources {
  uid: 708
  srctype: AE_IMAGE_SRC
  name: "handset-thumb.png"
  width: 70
  height: 70
  numberOfFrames: 1
  fps: 0
  loops: 1
  copy_source: true
}
