activecomp {
  name: "Slider_Min-Track"
  width: 1500
  height: 70
  defaultcameradistance: 2083.3333
  layer {
    name: "Min-Track-Solid"
    id: 711
    sourceid: 749
    transform {
      anchorPoint {
        x: 750
        y: 10
        z: 0
      }
      scale {
        x: 1
        y: 1
        z: 1
      }
      position {
        x: 750
        y: 35
        z: 0
      }
      orientation {
        x: 0
        y: 0
        z: 0
      }
      rotationX: 0
      rotationY: 0
      rotationZ: 0
      opacity: 1
    }
    acceptsshadows: true
    acceptslights: true
    castsshadows: false
  }
  layer {
    name: "Min-Track-Image"
    id: 712
    sourceid: 723
    transform {
      anchorPoint {
        x: 750
        y: 25
        z: 0
      }
      scale {
        x: 1
        y: 1
        z: 1
      }
      position {
        x: 750
        y: 35
        z: 0
      }
      orientation {
        x: 0
        y: 0
        z: 0
      }
      rotationX: 0
      rotationY: 0
      rotationZ: 0
      opacity: 1
    }
    acceptsshadows: true
    acceptslights: true
    castsshadows: false
    properties {
      key: "scale-mode"
      value: "stretch"
    }
  }
  bgcolor {
    alpha: 1
    red: 0.94509803921568625
    green: 0.94509803921568625
    blue: 0.94509803921568625
  }
  childtemplates: "Slider_Min-Track-Image"
}
sources {
  uid: 749
  srctype: AE_SOLID_SRC
  color {
    alpha: 1
    red: 0.24313700199127197
    green: 0.76078397035598755
    blue: 0.81176501512527466
  }
  width: 1500
  height: 20
  copy_source: false
}
sources {
  uid: 723
  srctype: AE_COMP_SRC
  name: "Slider_Min-Track-Image.layout"
  width: 1500
  height: 50
  copy_source: true
}
