activecomp {
  name: "Slider_Max-Track"
  width: 1500
  height: 70
  defaultcameradistance: 2083.3333
  layer {
    name: "Max-Track-Solid"
    id: 819
    sourceid: 858
    transform {
      anchorPoint {
        x: 750
        y: 10
        z: 0
      }
      scale {
        x: 1
        y: 1
        z: 1
      }
      position {
        x: 750
        y: 35
        z: 0
      }
      orientation {
        x: 0
        y: 0
        z: 0
      }
      rotationX: 0
      rotationY: 0
      rotationZ: 0
      opacity: 1
    }
    acceptsshadows: true
    acceptslights: true
    castsshadows: false
  }
  layer {
    name: "Max-Track-Image"
    id: 820
    sourceid: 831
    transform {
      anchorPoint {
        x: 750
        y: 35
        z: 0
      }
      scale {
        x: 1
        y: 1
        z: 1
      }
      position {
        x: 750
        y: 35
        z: 0
      }
      orientation {
        x: 0
        y: 0
        z: 0
      }
      rotationX: 0
      rotationY: 0
      rotationZ: 0
      opacity: 1
    }
    acceptsshadows: true
    acceptslights: true
    castsshadows: false
    properties {
      key: "scale-mode"
      value: "stretch"
    }
  }
  bgcolor {
    alpha: 1
    red: 0.94509803921568625
    green: 0.94509803921568625
    blue: 0.94509803921568625
  }
  childtemplates: "Slider_Max-Track-Image"
}
sources {
  uid: 858
  srctype: AE_SOLID_SRC
  color {
    alpha: 1
    red: 0.93725502490997314
    green: 0.93725502490997314
    blue: 0.93725502490997314
  }
  width: 1500
  height: 20
  copy_source: false
}
sources {
  uid: 831
  srctype: AE_COMP_SRC
  name: "Slider_Max-Track-Image.layout"
  width: 1500
  height: 70
  copy_source: true
}
