activecomp {
  name: "Slider_Slider"
  width: 1570
  height: 70
  defaultcameradistance: 2180.5557
  layer {
    name: "Max-Track"
    id: 672
    sourceid: 819
    transform {
      anchorPoint {
        x: 1500
        y: 35
        z: 0
      }
      scale {
        x: 1
        y: 1
        z: 1
      }
      position {
        x: 65
        y: 50
        z: 0
      }
      orientation {
        x: 0
        y: 0
        z: 0
      }
      rotationX: 0
      rotationY: 0
      rotationZ: 0
      opacity: 1
    }
    acceptsshadows: true
    acceptslights: true
    castsshadows: false
    parentid: 675
  }
  layer {
    name: "Min-Track"
    id: 673
    sourceid: 711
    transform {
      anchorPoint {
        x: 0
        y: 35
        z: 0
      }
      scale {
        x: 0
        y: 1
        z: 1
      }
      position {
        x: 35
        y: 50
        z: 0
      }
      orientation {
        x: 0
        y: 0
        z: 0
      }
      rotationX: 0
      rotationY: 0
      rotationZ: 0
      opacity: 1
    }
    acceptsshadows: true
    acceptslights: true
    castsshadows: false
    parentid: 676
  }
  layer {
    name: "Thumb"
    id: 674
    sourceid: 754
    transform {
      anchorPoint {
        x: 35
        y: 35
        z: 0
      }
      scale {
        x: 1
        y: 1
        z: 1
      }
      position {
        x: 35.042557
        y: 50
        z: 0
      }
      orientation {
        x: 0
        y: 0
        z: 0
      }
      rotationX: 0
      rotationY: 0
      rotationZ: 0
      opacity: 1
    }
    acceptsshadows: true
    acceptslights: true
    castsshadows: false
    parentid: 676
  }
  layer {
    name: "ScaleWidthPropRightAnchor"
    id: 675
    sourceid: 860
    transform {
      anchorPoint {
        x: 100
        y: 50
        z: 0
      }
      scale {
        x: 1
        y: 1
        z: 1
      }
      position {
        x: 1570
        y: 35
        z: 0
      }
      orientation {
        x: 0
        y: 0
        z: 0
      }
      rotationX: 0
      rotationY: 0
      rotationZ: 0
      opacity: 1
    }
    acceptsshadows: true
    acceptslights: true
    castsshadows: false
  }
  layer {
    name: "ScaleWidthPropLeftAnchor"
    id: 676
    sourceid: 860
    transform {
      anchorPoint {
        x: 0
        y: 50
        z: 0
      }
      scale {
        x: 1
        y: 1
        z: 1
      }
      position {
        x: 0
        y: 35
        z: 0
      }
      orientation {
        x: 0
        y: 0
        z: 0
      }
      rotationX: 0
      rotationY: 0
      rotationZ: 0
      opacity: 1
    }
    acceptsshadows: true
    acceptslights: true
    castsshadows: false
  }
  classname: "CYIScrollBarView"
  bgcolor {
    alpha: 1
    red: 0.94509803921568625
    green: 0.94509803921568625
    blue: 0.94509803921568625
  }
  properties {
    key: "componentSubtype"
    value: "scrollBar"
  }
  properties {
    key: "componentType"
    value: "bar"
  }
  childtemplates: "Slider_Max-Track"
  childtemplates: "Slider_Min-Track"
  childtemplates: "Slider_Thumb"
}
sources {
  uid: 819
  srctype: AE_COMP_SRC
  name: "Slider_Max-Track.layout"
  width: 1500
  height: 70
  copy_source: true
}
sources {
  uid: 711
  srctype: AE_COMP_SRC
  name: "Slider_Min-Track.layout"
  width: 1500
  height: 70
  copy_source: true
}
sources {
  uid: 754
  srctype: AE_COMP_SRC
  name: "Slider_Thumb.layout"
  width: 70
  height: 70
  copy_source: true
}
sources {
  uid: 860
  srctype: AE_NULL_SRC
  width: 100
  height: 100
  copy_source: false
}
