activecomp {
  name: "TextInput_Text-Edit"
  width: 960
  height: 120
  defaultcameradistance: 1333.3334
  layer {
    name: "InputProperties"
    id: 315
    sourceid: 351
    transform {
      anchorPoint {
        x: 70
        y: 60
        z: 0
      }
      scale {
        x: 1
        y: 1
        z: 1
      }
      position {
        x: 860.628
        y: -15.120001
        z: 0
      }
      orientation {
        x: 0
        y: 0
        z: 0
      }
      rotationX: 0
      rotationY: 0
      rotationZ: 0
      opacity: 1
    }
    acceptsshadows: true
    acceptslights: true
    castsshadows: false
    parentid: 317
  }
  layer {
    name: "Text-BG"
    id: 316
    sourceid: 348
    transform {
      anchorPoint {
        x: 480
        y: 60
        z: 0
      }
      scale {
        x: 1
        y: 1
        z: 1
      }
      position {
        x: 480
        y: 60
        z: 0
      }
      orientation {
        x: 0
        y: 0
        z: 0
      }
      rotationX: 0
      rotationY: 0
      rotationZ: 0
      opacity: 1
    }
    acceptsshadows: true
    acceptslights: true
    castsshadows: false
  }
  layer {
    name: "Text"
    id: 317
    sourceid: -1
    transform {
      anchorPoint {
        x: 2.6280003
        y: 6.3240013
        z: 0
      }
      scale {
        x: 1
        y: 1
        z: 1
      }
      position {
        x: 40
        y: 81.444
        z: 0
      }
      orientation {
        x: 0
        y: 0
        z: 0
      }
      rotationX: 0
      rotationY: 0
      rotationZ: 0
      opacity: 1
    }
    acceptsshadows: true
    acceptslights: true
    castsshadows: false
    textinfo {
      justification: AE_TEXT_LEFT
      fontSize: 40
      fontColor {
        alpha: 1
        red: 0.84706008434295654
        green: 0.84706008434295654
        blue: 0.84706008434295654
      }
      fontName: "Poppins-Regular"
      isPointText: true
      isLabel: true
      text: "Default text"
      multiline: false
      isAllCaps: false
    }
  }
  layer {
    name: "Clear"
    id: 318
    sourceid: 331
    transform {
      anchorPoint {
        x: 60
        y: 60
        z: 0
      }
      scale {
        x: 1
        y: 1
        z: 1
      }
      position {
        x: 900
        y: 60
        z: 0
      }
      orientation {
        x: 0
        y: 0
        z: 0
      }
      rotationX: 0
      rotationY: 0
      rotationZ: 0
      opacity: 1
    }
    acceptsshadows: true
    acceptslights: true
    castsshadows: false
  }
  classname: "CYIPasswordTextEditView"
  bgcolor {
    alpha: 1
    red: 1
    green: 1
    blue: 1
  }
  properties {
    key: "componentSubtype"
    value: "regular"
  }
  properties {
    key: "componentType"
    value: "input"
  }
  properties {
    key: "usesCustomClass"
    value: "true"
  }
  properties {
    key: "gravity"
    value: "left"
  }
  childtemplates: "TextInput_Text-Edit-Btn-Clear"
}
sources {
  uid: 351
  srctype: AE_SOLID_SRC
  color {
    alpha: 1
    red: 0.20000000298023224
    green: 0.20000000298023224
    blue: 0.20000000298023224
  }
  width: 140
  height: 120
  copy_source: false
}
sources {
  uid: 348
  srctype: AE_SOLID_SRC
  color {
    alpha: 1
    red: 1
    green: 1
    blue: 1
  }
  width: 960
  height: 120
  copy_source: false
}
sources {
  uid: 3
  srctype: AE_FONT_SRC
  name: "Poppins-Regular"
  copy_source: true
  file_name: "yi_Poppins-Regular.ttf"
  style_name: "Regular"
}
sources {
  uid: 331
  srctype: AE_COMP_SRC
  name: "TextInput_Text-Edit-Btn-Clear.layout"
  width: 120
  height: 120
  copy_source: true
}
