activecomp {
  name: "TextInput_Text-Edit-Btn-Clear"
  width: 92
  height: 92
  defaultcameradistance: 127.77778
  layer {
    name: "BG-Press"
    id: 24
    sourceid: 22
    transform {
      anchorPoint {
        x: 46
        y: 46
        z: 0
      }
      scale {
        x: 1
        y: 1
        z: 1
      }
      position {
        x: 46
        y: 46
        z: 0
      }
      orientation {
        x: 0
        y: 0
        z: 0
      }
      rotationX: 0
      rotationY: 0
      rotationZ: 0
      opacity: 0
    }
    acceptsshadows: true
    acceptslights: true
    castsshadows: false
    properties {
      key: "min-width"
      value: "92"
    }
  }
  layer {
    name: "Clear-Btn-Tablet.png"
    id: 25
    sourceid: 36
    transform {
      anchorPoint {
        x: 14
        y: 14.5
        z: 0
      }
      scale {
        x: 1
        y: 1
        z: 1
      }
      position {
        x: 0
        y: 0
        z: 0
      }
      orientation {
        x: 0
        y: 0
        z: 0
      }
      rotationX: 0
      rotationY: 0
      rotationZ: 0
      opacity: 1
    }
    acceptsshadows: true
    acceptslights: true
    castsshadows: false
    parentid: 27
    properties {
      key: "layoutable"
      value: "false"
    }
  }
  layer {
    name: "Clear-Btn-Press-Tablet.png"
    id: 26
    sourceid: 53
    transform {
      anchorPoint {
        x: 14
        y: 14.5
        z: 0
      }
      scale {
        x: 1
        y: 1
        z: 1
      }
      position {
        x: 0
        y: 0
        z: 0
      }
      orientation {
        x: 0
        y: 0
        z: 0
      }
      rotationX: 0
      rotationY: 0
      rotationZ: 0
      opacity: 0
    }
    acceptsshadows: true
    acceptslights: true
    castsshadows: false
    parentid: 27
    properties {
      key: "layoutable"
      value: "false"
    }
  }
  layer {
    name: "Scaler"
    id: 27
    sourceid: 262
    transform {
      anchorPoint {
        x: 0
        y: 0
        z: 0
      }
      scale {
        x: 1
        y: 1
        z: 1
      }
      position {
        x: 50
        y: 50
        z: 0
      }
      orientation {
        x: 0
        y: 0
        z: 0
      }
      rotationX: 0
      rotationY: 0
      rotationZ: 0
      opacity: 1
    }
    acceptsshadows: true
    acceptslights: true
    castsshadows: false
    parentid: 28
    properties {
      key: "layoutable"
      value: "false"
    }
  }
  layer {
    name: "NoScaleCenterAnchor"
    id: 28
    sourceid: 57
    transform {
      anchorPoint {
        x: 50
        y: 50
        z: 0
      }
      scale {
        x: 1
        y: 1
        z: 1
      }
      position {
        x: 46
        y: 46
        z: 0
      }
      orientation {
        x: 0
        y: 0
        z: 0
      }
      rotationX: 0
      rotationY: 0
      rotationZ: 0
      opacity: 1
    }
    acceptsshadows: true
    acceptslights: true
    castsshadows: false
    properties {
      key: "layoutable"
      value: "false"
    }
  }
  classname: "CYIPushButtonView"
  bgcolor {
    alpha: 1
    red: 1
    green: 1
    blue: 1
  }
  properties {
    key: "componentSubtype"
    value: "push"
  }
  properties {
    key: "componentType"
    value: "button"
  }
  properties {
    key: "gravity"
    value: "center"
  }
  properties {
    key: "layout"
    value: "CYIStackLayout"
  }
}
sources {
  uid: 22
  srctype: AE_SOLID_SRC
  color {
    alpha: 1
    red: 0.31764706969261169
    green: 0.73333334922790527
    blue: 0.78431373834609985
  }
  width: 92
  height: 92
  copy_source: false
}
sources {
  uid: 36
  srctype: AE_IMAGE_SRC
  name: "Clear-Btn-Tablet.png"
  width: 28
  height: 29
  numberOfFrames: 1
  fps: 0
  loops: 1
  copy_source: true
}
sources {
  uid: 53
  srctype: AE_IMAGE_SRC
  name: "Clear-Btn-Press-Tablet.png"
  width: 28
  height: 29
  numberOfFrames: 1
  fps: 0
  loops: 1
  copy_source: true
}
sources {
  uid: 262
  srctype: AE_NULL_SRC
  width: 100
  height: 100
  copy_source: false
}
sources {
  uid: 57
  srctype: AE_NULL_SRC
  width: 100
  height: 100
  copy_source: false
}
